

================================================================
== Vitis HLS Report for 'loop_pipeline'
================================================================
* Date:           Tue Mar 28 15:55:19 2023

* Version:        2022.2 (Build 3670227 on Oct 13 2022)
* Project:        LoopPipeline
* Solution:       solution_default (Vivado IP Flow Target)
* Product family: artix7
* Target device:  xc7a35t-cpg236-1


================================================================
== Performance Estimates
================================================================
+ Timing: 
    * Summary: 
    +--------+----------+----------+------------+
    |  Clock |  Target  | Estimated| Uncertainty|
    +--------+----------+----------+------------+
    |ap_clk  |  10.00 ns|  6.137 ns|     2.70 ns|
    +--------+----------+----------+------------+

+ Latency: 
    * Summary: 
    +---------+---------+----------+----------+-----+-----+---------+
    |  Latency (cycles) |  Latency (absolute) |  Interval | Pipeline|
    |   min   |   max   |    min   |    max   | min | max |   Type  |
    +---------+---------+----------+----------+-----+-----+---------+
    |      405|      405|  4.050 us|  4.050 us|  406|  406|       no|
    +---------+---------+----------+----------+-----+-----+---------+

    + Detail: 
        * Instance: 
        N/A

        * Loop: 
        +-----------------+---------+---------+----------+-----------+-----------+------+----------+
        |                 |  Latency (cycles) | Iteration|  Initiation Interval  | Trip |          |
        |    Loop Name    |   min   |   max   |  Latency |  achieved |   target  | Count| Pipelined|
        +-----------------+---------+---------+----------+-----------+-----------+------+----------+
        |- LOOP_I_LOOP_J  |      403|      403|         5|          1|          1|   400|       yes|
        +-----------------+---------+---------+----------+-----------+-----------+------+----------+



================================================================
== Utilization Estimates
================================================================
* Summary: 
+-----------------+---------+----+-------+-------+-----+
|       Name      | BRAM_18K| DSP|   FF  |  LUT  | URAM|
+-----------------+---------+----+-------+-------+-----+
|DSP              |        -|   1|      -|      -|    -|
|Expression       |        -|   -|      0|     76|    -|
|FIFO             |        -|   -|      -|      -|    -|
|Instance         |        -|   -|      -|      -|    -|
|Memory           |        -|   -|      -|      -|    -|
|Multiplexer      |        -|   -|      -|     93|    -|
|Register         |        -|   -|     68|      -|    -|
+-----------------+---------+----+-------+-------+-----+
|Total            |        0|   1|     68|    169|    0|
+-----------------+---------+----+-------+-------+-----+
|Available        |      100|  90|  41600|  20800|    0|
+-----------------+---------+----+-------+-------+-----+
|Utilization (%)  |        0|   1|     ~0|     ~0|    0|
+-----------------+---------+----+-------+-------+-----+

+ Detail: 
    * Instance: 
    N/A

    * DSP: 
    +---------------------------------+------------------------------+--------------+
    |             Instance            |            Module            |  Expression  |
    +---------------------------------+------------------------------+--------------+
    |mac_muladd_5ns_5s_20s_20_4_1_U1  |mac_muladd_5ns_5s_20s_20_4_1  |  i0 * i1 + i2|
    +---------------------------------+------------------------------+--------------+

    * Memory: 
    N/A

    * FIFO: 
    N/A

    * Expression: 
    +-------------------------+----------+----+---+----+------------+------------+
    |      Variable Name      | Operation| DSP| FF| LUT| Bitwidth P0| Bitwidth P1|
    +-------------------------+----------+----+---+----+------------+------------+
    |add_ln24_1_fu_164_p2     |         +|   0|  0|  13|           5|           1|
    |add_ln24_fu_117_p2       |         +|   0|  0|  16|           9|           1|
    |add_ln25_fu_145_p2       |         +|   0|  0|  13|           5|           1|
    |icmp_ln24_fu_111_p2      |      icmp|   0|  0|  11|           9|           8|
    |icmp_ln25_fu_126_p2      |      icmp|   0|  0|   9|           5|           5|
    |select_ln21_1_fu_170_p3  |    select|   0|  0|   5|           1|           5|
    |select_ln21_fu_132_p3    |    select|   0|  0|   5|           1|           1|
    |ap_enable_pp0            |       xor|   0|  0|   2|           1|           2|
    |ap_enable_reg_pp0_iter1  |       xor|   0|  0|   2|           2|           1|
    +-------------------------+----------+----+---+----+------------+------------+
    |Total                    |          |   0|  0|  76|          38|          25|
    +-------------------------+----------+----+---+----+------------+------------+

    * Multiplexer: 
    +-------------------------+----+-----------+-----+-----------+
    |           Name          | LUT| Input Size| Bits| Total Bits|
    +-------------------------+----+-----------+-----+-----------+
    |ap_NS_fsm                |  17|          4|    1|          4|
    |ap_enable_reg_pp0_iter1  |   9|          2|    1|          2|
    |ap_enable_reg_pp0_iter4  |   9|          2|    1|          2|
    |ap_sig_allocacmp_p_load  |   9|          2|   20|         40|
    |empty_fu_52              |   9|          2|   20|         40|
    |grp_load_fu_81_p1        |  13|          3|   20|         60|
    |i_fu_60                  |   9|          2|    5|         10|
    |indvar_flatten_fu_64     |   9|          2|    9|         18|
    |j_fu_56                  |   9|          2|    5|         10|
    +-------------------------+----+-----------+-----+-----------+
    |Total                    |  93|         21|   82|        186|
    +-------------------------+----+-----------+-----+-----------+

    * Register: 
    +-------------------------+----+----+-----+-----------+
    |           Name          | FF | LUT| Bits| Const Bits|
    +-------------------------+----+----+-----+-----------+
    |acc_V                    |  20|   0|   20|          0|
    |ap_CS_fsm                |   3|   0|    3|          0|
    |ap_enable_reg_pp0_iter0  |   1|   0|    1|          0|
    |ap_enable_reg_pp0_iter1  |   1|   0|    1|          0|
    |ap_enable_reg_pp0_iter2  |   1|   0|    1|          0|
    |ap_enable_reg_pp0_iter3  |   1|   0|    1|          0|
    |ap_enable_reg_pp0_iter4  |   1|   0|    1|          0|
    |empty_fu_52              |  20|   0|   20|          0|
    |i_fu_60                  |   5|   0|    5|          0|
    |icmp_ln25_reg_240        |   1|   0|    1|          0|
    |indvar_flatten_fu_64     |   9|   0|    9|          0|
    |j_fu_56                  |   5|   0|    5|          0|
    +-------------------------+----+----+-----+-----------+
    |Total                    |  68|   0|   68|          0|
    +-------------------------+----+----+-----+-----------+



================================================================
== Interface
================================================================
* Summary: 
+------------+-----+-----+------------+---------------+--------------+
|  RTL Ports | Dir | Bits|  Protocol  | Source Object |    C Type    |
+------------+-----+-----+------------+---------------+--------------+
|ap_clk      |   in|    1|  ap_ctrl_hs|  loop_pipeline|  return value|
|ap_rst      |   in|    1|  ap_ctrl_hs|  loop_pipeline|  return value|
|ap_start    |   in|    1|  ap_ctrl_hs|  loop_pipeline|  return value|
|ap_done     |  out|    1|  ap_ctrl_hs|  loop_pipeline|  return value|
|ap_idle     |  out|    1|  ap_ctrl_hs|  loop_pipeline|  return value|
|ap_ready    |  out|    1|  ap_ctrl_hs|  loop_pipeline|  return value|
|ap_return   |  out|   20|  ap_ctrl_hs|  loop_pipeline|  return value|
|A_address0  |  out|    5|   ap_memory|              A|         array|
|A_ce0       |  out|    1|   ap_memory|              A|         array|
|A_q0        |   in|    5|   ap_memory|              A|         array|
+------------+-----+-----+------------+---------------+--------------+

